yarn run v1.22.22
$ storybook build --output-dir C:\Users\RUTE~1.DUA\AppData\Local\Temp\chromatic--28128-b8pG1p6EKTCo
@storybook/cli v8.0.4

info => Cleaning outputDir: ..\..\..\Users\RUTE~1.DUA\AppData\Local\Temp\chromatic--28128-b8pG1p6EKTCo
info => Loading presets
info => Building manager..
info => Manager built (509 ms)
info => Building preview..
[36mvite v4.3.9 [32mbuilding for production...[36m[39m
transforming...
[32m✓[39m 635 modules transformed.
rendering chunks...
computing gzip size...
[2m../../../Users/RUTE~1.DUA/AppData/Local/Temp/chromatic--28128-b8pG1p6EKTCo/[22m[32massets/youtube-9f26eb0b.svg                                                 [39m[1m[2m  0.72 kB[22m[1m[22m[2m │ gzip:   0.35 kB[22m
[2m../../../Users/RUTE~1.DUA/AppData/Local/Temp/chromatic--28128-b8pG1p6EKTCo/[22m[32massets/tutorials-adff6365.svg                                               [39m[1m[2m  1.27 kB[22m[1m[22m[2m │ gzip:   0.62 kB[22m
[2m../../../Users/RUTE~1.DUA/AppData/Local/Temp/chromatic--28128-b8pG1p6EKTCo/[22m[32massets/discord-f7d1b78c.svg                                                 [39m[1m[2m  2.41 kB[22m[1m[22m[2m │ gzip:   1.12 kB[22m
[2m../../../Users/RUTE~1.DUA/AppData/Local/Temp/chromatic--28128-b8pG1p6EKTCo/[22m[32massets/github-cdfc3270.svg                                                  [39m[1m[2m  2.72 kB[22m[1m[22m[2m │ gzip:   1.22 kB[22m
[2m../../../Users/RUTE~1.DUA/AppData/Local/Temp/chromatic--28128-b8pG1p6EKTCo/[22m[32massets/context-c612d889.png                                                 [39m[1m[2m  6.12 kB[22m[1m[22m
[2m../../../Users/RUTE~1.DUA/AppData/Local/Temp/chromatic--28128-b8pG1p6EKTCo/[22m[32massets/styling-c83082e0.png                                                 [39m[1m[2m  7.24 kB[22m[1m[22m
[2m../../../Users/RUTE~1.DUA/AppData/Local/Temp/chromatic--28128-b8pG1p6EKTCo/[22m[32miframe.html                                                                 [39m[1m[2m 13.16 kB[22m[1m[22m[2m │ gzip:   3.63 kB[22m
[2m../../../Users/RUTE~1.DUA/AppData/Local/Temp/chromatic--28128-b8pG1p6EKTCo/[22m[32massets/docs-5b0c7100.png                                                    [39m[1m[2m 27.88 kB[22m[1m[22m
[2m../../../Users/RUTE~1.DUA/AppData/Local/Temp/chromatic--28128-b8pG1p6EKTCo/[22m[32massets/share-b59d6c77.png                                                   [39m[1m[2m 40.77 kB[22m[1m[22m
[2m../../../Users/RUTE~1.DUA/AppData/Local/Temp/chromatic--28128-b8pG1p6EKTCo/[22m[32massets/accessibility-cd6d60f7.png                                           [39m[1m[2m 42.34 kB[22m[1m[22m
[2m../../../Users/RUTE~1.DUA/AppData/Local/Temp/chromatic--28128-b8pG1p6EKTCo/[22m[32massets/figma-plugin-b0a5ad2d.png                                            [39m[1m[2m 44.25 kB[22m[1m[22m
[2m../../../Users/RUTE~1.DUA/AppData/Local/Temp/chromatic--28128-b8pG1p6EKTCo/[22m[32massets/theming-b6e819c3.png                                                 [39m[1m[2m 44.37 kB[22m[1m[22m
[2m../../../Users/RUTE~1.DUA/AppData/Local/Temp/chromatic--28128-b8pG1p6EKTCo/[22m[32massets/testing-6a59f681.png                                                 [39m[1m[2m 49.31 kB[22m[1m[22m
[2m../../../Users/RUTE~1.DUA/AppData/Local/Temp/chromatic--28128-b8pG1p6EKTCo/[22m[32massets/addon-library-bc7ba705.png                                           [39m[1m[2m467.37 kB[22m[1m[22m
[2m../../../Users/RUTE~1.DUA/AppData/Local/Temp/chromatic--28128-b8pG1p6EKTCo/[22m[35massets/Header-a6911580.css                                                  [39m[1m[2m  0.51 kB[22m[1m[22m[2m │ gzip:   0.30 kB[22m
[2m../../../Users/RUTE~1.DUA/AppData/Local/Temp/chromatic--28128-b8pG1p6EKTCo/[22m[35massets/Button-bc1a867b.css                                                  [39m[1m[2m  0.52 kB[22m[1m[22m[2m │ gzip:   0.29 kB[22m
[2m../../../Users/RUTE~1.DUA/AppData/Local/Temp/chromatic--28128-b8pG1p6EKTCo/[22m[35massets/Page.stories-ece1482a.css                                            [39m[1m[2m  0.93 kB[22m[1m[22m[2m │ gzip:   0.40 kB[22m
[2m../../../Users/RUTE~1.DUA/AppData/Local/Temp/chromatic--28128-b8pG1p6EKTCo/[22m[36massets/preview-73c648b3.js                                                  [39m[1m[2m  0.07 kB[22m[1m[22m[2m │ gzip:   0.08 kB[22m
[2m../../../Users/RUTE~1.DUA/AppData/Local/Temp/chromatic--28128-b8pG1p6EKTCo/[22m[36massets/index-555a2840.js                                                    [39m[1m[2m  0.12 kB[22m[1m[22m[2m │ gzip:   0.12 kB[22m
[2m../../../Users/RUTE~1.DUA/AppData/Local/Temp/chromatic--28128-b8pG1p6EKTCo/[22m[36massets/emotion-use-insertion-effect-with-fallbacks.browser.esm-ce9a6550.js  [39m[1m[2m  0.18 kB[22m[1m[22m[2m │ gzip:   0.16 kB[22m
[2m../../../Users/RUTE~1.DUA/AppData/Local/Temp/chromatic--28128-b8pG1p6EKTCo/[22m[36massets/extends-98964cd2.js                                                  [39m[1m[2m  0.24 kB[22m[1m[22m[2m │ gzip:   0.19 kB[22m
[2m../../../Users/RUTE~1.DUA/AppData/Local/Temp/chromatic--28128-b8pG1p6EKTCo/[22m[36massets/index-00738a29.js                                                    [39m[1m[2m  0.39 kB[22m[1m[22m[2m │ gzip:   0.26 kB[22m
[2m../../../Users/RUTE~1.DUA/AppData/Local/Temp/chromatic--28128-b8pG1p6EKTCo/[22m[36massets/WithTooltip-Y7J54OF7-f486e760.js                                     [39m[1m[2m  0.47 kB[22m[1m[22m[2m │ gzip:   0.26 kB[22m
[2m../../../Users/RUTE~1.DUA/AppData/Local/Temp/chromatic--28128-b8pG1p6EKTCo/[22m[36massets/syntaxhighlighter-JOJW2KGS-3c87d09e.js                               [39m[1m[2m  0.51 kB[22m[1m[22m[2m │ gzip:   0.30 kB[22m
[2m../../../Users/RUTE~1.DUA/AppData/Local/Temp/chromatic--28128-b8pG1p6EKTCo/[22m[36massets/react-18-b8ada916.js                                                 [39m[1m[2m  0.55 kB[22m[1m[22m[2m │ gzip:   0.34 kB[22m
[2m../../../Users/RUTE~1.DUA/AppData/Local/Temp/chromatic--28128-b8pG1p6EKTCo/[22m[36massets/preview-6d6935cf.js                                                  [39m[1m[2m  0.64 kB[22m[1m[22m[2m │ gzip:   0.45 kB[22m
[2m../../../Users/RUTE~1.DUA/AppData/Local/Temp/chromatic--28128-b8pG1p6EKTCo/[22m[36massets/preview-35de603e.js                                                  [39m[1m[2m  0.66 kB[22m[1m[22m[2m │ gzip:   0.43 kB[22m
[2m../../../Users/RUTE~1.DUA/AppData/Local/Temp/chromatic--28128-b8pG1p6EKTCo/[22m[36massets/index-356e4a49.js                                                    [39m[1m[2m  0.77 kB[22m[1m[22m[2m │ gzip:   0.47 kB[22m
[2m../../../Users/RUTE~1.DUA/AppData/Local/Temp/chromatic--28128-b8pG1p6EKTCo/[22m[36massets/index-29d2c63d.js                                                    [39m[1m[2m  0.79 kB[22m[1m[22m[2m │ gzip:   0.51 kB[22m
[2m../../../Users/RUTE~1.DUA/AppData/Local/Temp/chromatic--28128-b8pG1p6EKTCo/[22m[36massets/preview-0ef86afd.js                                                  [39m[1m[2m  0.86 kB[22m[1m[22m[2m │ gzip:   0.55 kB[22m
[2m../../../Users/RUTE~1.DUA/AppData/Local/Temp/chromatic--28128-b8pG1p6EKTCo/[22m[36massets/preview-4be4b9af.js                                                  [39m[1m[2m  0.86 kB[22m[1m[22m[2m │ gzip:   0.55 kB[22m
[2m../../../Users/RUTE~1.DUA/AppData/Local/Temp/chromatic--28128-b8pG1p6EKTCo/[22m[36massets/v4-4a60fe23.js                                                       [39m[1m[2m  0.87 kB[22m[1m[22m[2m │ gzip:   0.46 kB[22m
[2m../../../Users/RUTE~1.DUA/AppData/Local/Temp/chromatic--28128-b8pG1p6EKTCo/[22m[36massets/jsx-runtime-ed146b25.js                                              [39m[1m[2m  0.92 kB[22m[1m[22m[2m │ gzip:   0.58 kB[22m
[2m../../../Users/RUTE~1.DUA/AppData/Local/Temp/chromatic--28128-b8pG1p6EKTCo/[22m[36massets/Header.stories-fc08e9c5.js                                           [39m[1m[2m  1.06 kB[22m[1m[22m[2m │ gzip:   0.53 kB[22m
[2m../../../Users/RUTE~1.DUA/AppData/Local/Temp/chromatic--28128-b8pG1p6EKTCo/[22m[36massets/animation-99e07f08.js                                                [39m[1m[2m  1.19 kB[22m[1m[22m[2m │ gzip:   0.39 kB[22m
[2m../../../Users/RUTE~1.DUA/AppData/Local/Temp/chromatic--28128-b8pG1p6EKTCo/[22m[36massets/entry-preview-a720a76c.js                                            [39m[1m[2m  1.26 kB[22m[1m[22m[2m │ gzip:   0.73 kB[22m
[2m../../../Users/RUTE~1.DUA/AppData/Local/Temp/chromatic--28128-b8pG1p6EKTCo/[22m[36massets/DocsRenderer-K4EAMTCU-d83c8c0b.js                                    [39m[1m[2m  1.32 kB[22m[1m[22m[2m │ gzip:   0.71 kB[22m
[2m../../../Users/RUTE~1.DUA/AppData/Local/Temp/chromatic--28128-b8pG1p6EKTCo/[22m[36massets/Button-07015756.js                                                   [39m[1m[2m  1.46 kB[22m[1m[22m[2m │ gzip:   0.68 kB[22m
[2m../../../Users/RUTE~1.DUA/AppData/Local/Temp/chromatic--28128-b8pG1p6EKTCo/[22m[36massets/Header-c63de025.js                                                   [39m[1m[2m  1.68 kB[22m[1m[22m[2m │ gzip:   0.82 kB[22m
[2m../../../Users/RUTE~1.DUA/AppData/Local/Temp/chromatic--28128-b8pG1p6EKTCo/[22m[36massets/preview-293ea56a.js                                                  [39m[1m[2m  1.74 kB[22m[1m[22m[2m │ gzip:   0.90 kB[22m
[2m../../../Users/RUTE~1.DUA/AppData/Local/Temp/chromatic--28128-b8pG1p6EKTCo/[22m[36massets/Button.stories-acebf0f6.js                                           [39m[1m[2m  2.04 kB[22m[1m[22m[2m │ gzip:   0.72 kB[22m
[2m../../../Users/RUTE~1.DUA/AppData/Local/Temp/chromatic--28128-b8pG1p6EKTCo/[22m[36massets/styles-09219c24.js                                                   [39m[1m[2m  2.08 kB[22m[1m[22m[2m │ gzip:   1.19 kB[22m
[2m../../../Users/RUTE~1.DUA/AppData/Local/Temp/chromatic--28128-b8pG1p6EKTCo/[22m[36massets/index-d8983a70.js                                                    [39m[1m[2m  2.59 kB[22m[1m[22m[2m │ gzip:   1.26 kB[22m
[2m../../../Users/RUTE~1.DUA/AppData/Local/Temp/chromatic--28128-b8pG1p6EKTCo/[22m[36massets/StoryLinkWrapper-ae19d507.js                                         [39m[1m[2m  2.63 kB[22m[1m[22m[2m │ gzip:   1.28 kB[22m
[2m../../../Users/RUTE~1.DUA/AppData/Local/Temp/chromatic--28128-b8pG1p6EKTCo/[22m[36massets/preview-e166cab4.js                                                  [39m[1m[2m  2.70 kB[22m[1m[22m[2m │ gzip:   1.37 kB[22m
[2m../../../Users/RUTE~1.DUA/AppData/Local/Temp/chromatic--28128-b8pG1p6EKTCo/[22m[36massets/preview-98b085a7.js                                                  [39m[1m[2m  3.19 kB[22m[1m[22m[2m │ gzip:   1.37 kB[22m
[2m../../../Users/RUTE~1.DUA/AppData/Local/Temp/chromatic--28128-b8pG1p6EKTCo/[22m[36massets/Icon.stories-87810d50.js                                             [39m[1m[2m  3.20 kB[22m[1m[22m[2m │ gzip:   1.24 kB[22m
[2m../../../Users/RUTE~1.DUA/AppData/Local/Temp/chromatic--28128-b8pG1p6EKTCo/[22m[36massets/Page.stories-3566cc6f.js                                             [39m[1m[2m  3.68 kB[22m[1m[22m[2m │ gzip:   1.61 kB[22m
[2m../../../Users/RUTE~1.DUA/AppData/Local/Temp/chromatic--28128-b8pG1p6EKTCo/[22m[36massets/Badge.stories-f9940ba6.js                                            [39m[1m[2m  4.83 kB[22m[1m[22m[2m │ gzip:   1.56 kB[22m
[2m../../../Users/RUTE~1.DUA/AppData/Local/Temp/chromatic--28128-b8pG1p6EKTCo/[22m[36massets/Avatar.stories-ac724d70.js                                           [39m[1m[2m  6.30 kB[22m[1m[22m[2m │ gzip:   2.09 kB[22m
[2m../../../Users/RUTE~1.DUA/AppData/Local/Temp/chromatic--28128-b8pG1p6EKTCo/[22m[36massets/Link.stories-4a6236d9.js                                             [39m[1m[2m  7.25 kB[22m[1m[22m[2m │ gzip:   2.25 kB[22m
[2m../../../Users/RUTE~1.DUA/AppData/Local/Temp/chromatic--28128-b8pG1p6EKTCo/[22m[36massets/index-c6dae603.js                                                    [39m[1m[2m  7.34 kB[22m[1m[22m[2m │ gzip:   2.95 kB[22m
[2m../../../Users/RUTE~1.DUA/AppData/Local/Temp/chromatic--28128-b8pG1p6EKTCo/[22m[36massets/iframe-52eef37c.js                                                   [39m[1m[2m  7.44 kB[22m[1m[22m[2m │ gzip:   1.90 kB[22m
[2m../../../Users/RUTE~1.DUA/AppData/Local/Temp/chromatic--28128-b8pG1p6EKTCo/[22m[36massets/preview-da31036b.js                                                  [39m[1m[2m  7.62 kB[22m[1m[22m[2m │ gzip:   1.55 kB[22m
[2m../../../Users/RUTE~1.DUA/AppData/Local/Temp/chromatic--28128-b8pG1p6EKTCo/[22m[36massets/preview-c56bf6ac.js                                                  [39m[1m[2m  8.28 kB[22m[1m[22m[2m │ gzip:   3.17 kB[22m
[2m../../../Users/RUTE~1.DUA/AppData/Local/Temp/chromatic--28128-b8pG1p6EKTCo/[22m[36massets/polished.esm-ed3ce7df.js                                             [39m[1m[2m 10.68 kB[22m[1m[22m[2m │ gzip:   3.84 kB[22m
[2m../../../Users/RUTE~1.DUA/AppData/Local/Temp/chromatic--28128-b8pG1p6EKTCo/[22m[36massets/Configure-36b85138.js                                                [39m[1m[2m 17.46 kB[22m[1m[22m[2m │ gzip:   7.74 kB[22m
[2m../../../Users/RUTE~1.DUA/AppData/Local/Temp/chromatic--28128-b8pG1p6EKTCo/[22m[36massets/emotion-react-jsx-runtime.browser.esm-4492bbce.js                    [39m[1m[2m 17.48 kB[22m[1m[22m[2m │ gzip:   7.08 kB[22m
[2m../../../Users/RUTE~1.DUA/AppData/Local/Temp/chromatic--28128-b8pG1p6EKTCo/[22m[36massets/Button.stories-2979f883.js                                           [39m[1m[2m 22.70 kB[22m[1m[22m[2m │ gzip:   3.84 kB[22m
[2m../../../Users/RUTE~1.DUA/AppData/Local/Temp/chromatic--28128-b8pG1p6EKTCo/[22m[36massets/Color-RQJUDNI5-3c73dcb8.js                                           [39m[1m[2m 31.06 kB[22m[1m[22m[2m │ gzip:  11.75 kB[22m
[2m../../../Users/RUTE~1.DUA/AppData/Local/Temp/chromatic--28128-b8pG1p6EKTCo/[22m[36massets/index-9af57bf1.js                                                    [39m[1m[2m 78.60 kB[22m[1m[22m[2m │ gzip:  23.57 kB[22m
[2m../../../Users/RUTE~1.DUA/AppData/Local/Temp/chromatic--28128-b8pG1p6EKTCo/[22m[36massets/index-eb008d06.js                                                    [39m[1m[2m134.03 kB[22m[1m[22m[2m │ gzip:  43.19 kB[22m
[2m../../../Users/RUTE~1.DUA/AppData/Local/Temp/chromatic--28128-b8pG1p6EKTCo/[22m[36massets/Icon-04bc6249.js                                                     [39m[1m[2m140.16 kB[22m[1m[22m[2m │ gzip:  50.88 kB[22m
[2m../../../Users/RUTE~1.DUA/AppData/Local/Temp/chromatic--28128-b8pG1p6EKTCo/[22m[36massets/formatter-B5HCVTEV-c1177df0.js                                       [39m[1m[2m210.88 kB[22m[1m[22m[2m │ gzip:  70.71 kB[22m
[2m../../../Users/RUTE~1.DUA/AppData/Local/Temp/chromatic--28128-b8pG1p6EKTCo/[22m[36massets/entry-preview-docs-5a2e40d3.js                                       [39m[1m[2m322.19 kB[22m[1m[22m[2m │ gzip:  99.78 kB[22m
[2m../../../Users/RUTE~1.DUA/AppData/Local/Temp/chromatic--28128-b8pG1p6EKTCo/[22m[36massets/index-87c5b538.js                                                    [39m[1m[33m572.33 kB[39m[22m[2m │ gzip: 172.73 kB[22m
[2m../../../Users/RUTE~1.DUA/AppData/Local/Temp/chromatic--28128-b8pG1p6EKTCo/[22m[36massets/index-712bd38d.js                                                    [39m[1m[33m583.99 kB[39m[22m[2m │ gzip: 155.58 kB[22m
[32m✓ built in 15.86s[39m
info => Preview built (18 s)
info => Output directory: C:\Users\RUTE~1.DUA\AppData\Local\Temp\chromatic--28128-b8pG1p6EKTCo
Done in 25.18s.
